<?xml version="1.0" encoding="UTF-8"?>
<testng-results ignored="0" total="5" passed="4" failed="1" skipped="0">
  <reporter-output>
  </reporter-output>
  <suite started-at="2021-10-27T12:48:04 IST" name="Suite" finished-at="2021-10-27T12:49:37 IST" duration-ms="92585">
    <groups>
    </groups>
    <test started-at="2021-10-27T12:48:04 IST" name="Test" finished-at="2021-10-27T12:49:37 IST" duration-ms="92585">
      <class name="presettest.settingtest">
        <test-method is-config="true" signature="initialize()[pri:0, instance:presettest.settingtest@8f5e816d]" started-at="2021-10-27T12:48:46 IST" name="initialize" finished-at="2021-10-27T12:48:55 IST" duration-ms="9591" status="PASS">
          <reporter-output>
          </reporter-output>
        </test-method> <!-- initialize -->
        <test-method signature="browseropening(java.lang.String,java.lang.String,java.lang.String,java.lang.String)[pri:0, instance:presettest.settingtest@8f5e816d]" started-at="2021-10-27T12:48:55 IST" name="browseropening" data-provider="getdata" finished-at="2021-10-27T12:49:08 IST" duration-ms="12198" status="PASS">
          <params>
            <param index="0">
              <value>
                <![CDATA[Shubham Pandey]]>
              </value>
            </param>
            <param index="1">
              <value>
                <![CDATA[6393575904]]>
              </value>
            </param>
            <param index="2">
              <value>
                <![CDATA[26142514251]]>
              </value>
            </param>
            <param index="3">
              <value>
                <![CDATA[Already Registered]]>
              </value>
            </param>
          </params>
          <reporter-output>
          </reporter-output>
        </test-method> <!-- browseropening -->
        <test-method is-config="true" signature="closed()[pri:0, instance:presettest.settingtest@8f5e816d]" started-at="2021-10-27T12:49:08 IST" name="closed" finished-at="2021-10-27T12:49:12 IST" duration-ms="4122" status="PASS">
          <reporter-output>
          </reporter-output>
        </test-method> <!-- closed -->
        <test-method is-config="true" signature="initialize()[pri:0, instance:presettest.settingtest@8f5e816d]" started-at="2021-10-27T12:49:12 IST" name="initialize" finished-at="2021-10-27T12:49:20 IST" duration-ms="8518" status="PASS">
          <reporter-output>
          </reporter-output>
        </test-method> <!-- initialize -->
        <test-method signature="browseropening(java.lang.String,java.lang.String,java.lang.String,java.lang.String)[pri:0, instance:presettest.settingtest@8f5e816d]" started-at="2021-10-27T12:49:20 IST" name="browseropening" data-provider="getdata" finished-at="2021-10-27T12:49:32 IST" duration-ms="11920" status="PASS">
          <params>
            <param index="0">
              <value>
                <![CDATA[Vijay]]>
              </value>
            </param>
            <param index="1">
              <value>
                <![CDATA[9005133219]]>
              </value>
            </param>
            <param index="2">
              <value>
                <![CDATA[2614255322]]>
              </value>
            </param>
            <param index="3">
              <value>
                <![CDATA[Successfully Created]]>
              </value>
            </param>
          </params>
          <reporter-output>
          </reporter-output>
        </test-method> <!-- browseropening -->
        <test-method is-config="true" signature="closed()[pri:0, instance:presettest.settingtest@8f5e816d]" started-at="2021-10-27T12:49:32 IST" name="closed" finished-at="2021-10-27T12:49:37 IST" duration-ms="4109" status="PASS">
          <reporter-output>
          </reporter-output>
        </test-method> <!-- closed -->
      </class> <!-- presettest.settingtest -->
      <class name="SearchTest.searching">
        <test-method is-config="true" signature="initialize()[pri:0, instance:SearchTest.searching@ee834da]" started-at="2021-10-27T12:48:16 IST" name="initialize" finished-at="2021-10-27T12:48:24 IST" duration-ms="7789" status="PASS">
          <reporter-output>
          </reporter-output>
        </test-method> <!-- initialize -->
        <test-method signature="srtest(java.lang.String)[pri:0, instance:SearchTest.searching@ee834da]" started-at="2021-10-27T12:48:24 IST" name="srtest" data-provider="getvalue" finished-at="2021-10-27T12:48:27 IST" duration-ms="3368" status="PASS">
          <params>
            <param index="0">
              <value>
                <![CDATA[rockford]]>
              </value>
            </param>
          </params>
          <reporter-output>
          </reporter-output>
        </test-method> <!-- srtest -->
        <test-method is-config="true" signature="closed()[pri:0, instance:SearchTest.searching@ee834da]" started-at="2021-10-27T12:48:28 IST" name="closed" finished-at="2021-10-27T12:48:28 IST" duration-ms="209" status="PASS">
          <reporter-output>
          </reporter-output>
        </test-method> <!-- closed -->
        <test-method is-config="true" signature="initialize()[pri:0, instance:SearchTest.searching@ee834da]" started-at="2021-10-27T12:48:28 IST" name="initialize" finished-at="2021-10-27T12:48:35 IST" duration-ms="7607" status="PASS">
          <reporter-output>
          </reporter-output>
        </test-method> <!-- initialize -->
        <test-method signature="srtest(java.lang.String)[pri:0, instance:SearchTest.searching@ee834da]" started-at="2021-10-27T12:48:35 IST" name="srtest" data-provider="getvalue" finished-at="2021-10-27T12:48:41 IST" duration-ms="5883" status="PASS">
          <params>
            <param index="0">
              <value>
                <![CDATA[dfd]]>
              </value>
            </param>
          </params>
          <reporter-output>
          </reporter-output>
        </test-method> <!-- srtest -->
        <test-method is-config="true" signature="closed()[pri:0, instance:SearchTest.searching@ee834da]" started-at="2021-10-27T12:48:42 IST" name="closed" finished-at="2021-10-27T12:48:46 IST" duration-ms="4140" status="PASS">
          <reporter-output>
          </reporter-output>
        </test-method> <!-- closed -->
      </class> <!-- SearchTest.searching -->
      <class name="TextValidation.TextValidate">
        <test-method is-config="true" signature="initialize()[pri:0, instance:TextValidation.TextValidate@ec29c2c2]" started-at="2021-10-27T12:48:04 IST" name="initialize" finished-at="2021-10-27T12:48:13 IST" duration-ms="8837" status="PASS">
          <reporter-output>
          </reporter-output>
        </test-method> <!-- initialize -->
        <test-method signature="Validation()[pri:0, instance:TextValidation.TextValidate@ec29c2c2]" started-at="2021-10-27T12:48:13 IST" name="Validation" finished-at="2021-10-27T12:48:13 IST" duration-ms="313" status="FAIL">
          <exception class="java.lang.AssertionError">
            <message>
              <![CDATA[expected [Selectour address] but found [Select your address]]]>
            </message>
            <full-stacktrace>
              <![CDATA[java.lang.AssertionError: expected [Selectour address] but found [Select your address]
at org.testng.Assert.fail(Assert.java:99)
at org.testng.Assert.failNotEquals(Assert.java:1037)
at org.testng.Assert.assertEqualsImpl(Assert.java:140)
at org.testng.Assert.assertEquals(Assert.java:122)
at org.testng.Assert.assertEquals(Assert.java:629)
at org.testng.Assert.assertEquals(Assert.java:639)
at TextValidation.TextValidate.Validation(TextValidate.java:38)
at java.base/jdk.internal.reflect.NativeMethodAccessorImpl.invoke0(Native Method)
at java.base/jdk.internal.reflect.NativeMethodAccessorImpl.invoke(NativeMethodAccessorImpl.java:62)
at java.base/jdk.internal.reflect.DelegatingMethodAccessorImpl.invoke(DelegatingMethodAccessorImpl.java:43)
at java.base/java.lang.reflect.Method.invoke(Method.java:566)
at org.testng.internal.MethodInvocationHelper.invokeMethod(MethodInvocationHelper.java:133)
at org.testng.internal.TestInvoker.invokeMethod(TestInvoker.java:598)
at org.testng.internal.TestInvoker.invokeTestMethod(TestInvoker.java:173)
at org.testng.internal.MethodRunner.runInSequence(MethodRunner.java:46)
at org.testng.internal.TestInvoker$MethodInvocationAgent.invoke(TestInvoker.java:824)
at org.testng.internal.TestInvoker.invokeTestMethods(TestInvoker.java:146)
at org.testng.internal.TestMethodWorker.invokeTestMethods(TestMethodWorker.java:146)
at org.testng.internal.TestMethodWorker.run(TestMethodWorker.java:128)
at org.testng.TestRunner$$Lambda$461/0x0000000000000000.accept(Unknown Source)
at java.base/java.util.ArrayList.forEach(ArrayList.java:1541)
at org.testng.TestRunner.privateRun(TestRunner.java:794)
at org.testng.TestRunner.run(TestRunner.java:596)
at org.testng.SuiteRunner.runTest(SuiteRunner.java:377)
at org.testng.SuiteRunner.runSequentially(SuiteRunner.java:371)
at org.testng.SuiteRunner.privateRun(SuiteRunner.java:332)
at org.testng.SuiteRunner.run(SuiteRunner.java:276)
at org.testng.SuiteRunnerWorker.runSuite(SuiteRunnerWorker.java:53)
at org.testng.SuiteRunnerWorker.run(SuiteRunnerWorker.java:96)
at org.testng.TestNG.runSuitesSequentially(TestNG.java:1212)
at org.testng.TestNG.runSuitesLocally(TestNG.java:1134)
at org.testng.TestNG.runSuites(TestNG.java:1063)
at org.testng.TestNG.run(TestNG.java:1031)
at org.apache.maven.surefire.testng.TestNGExecutor.run(TestNGExecutor.java:284)
at org.apache.maven.surefire.testng.TestNGXmlTestSuite.execute(TestNGXmlTestSuite.java:75)
at org.apache.maven.surefire.testng.TestNGProvider.invoke(TestNGProvider.java:119)
at org.apache.maven.surefire.booter.ForkedBooter.runSuitesInProcess(ForkedBooter.java:428)
at org.apache.maven.surefire.booter.ForkedBooter.execute(ForkedBooter.java:162)
at org.apache.maven.surefire.booter.ForkedBooter.run(ForkedBooter.java:562)
at org.apache.maven.surefire.booter.ForkedBooter.main(ForkedBooter.java:548)
]]>
            </full-stacktrace>
          </exception> <!-- java.lang.AssertionError -->
          <reporter-output>
          </reporter-output>
        </test-method> <!-- Validation -->
        <test-method is-config="true" signature="closed()[pri:0, instance:TextValidation.TextValidate@ec29c2c2]" started-at="2021-10-27T12:48:15 IST" name="closed" finished-at="2021-10-27T12:48:15 IST" duration-ms="441" status="PASS">
          <reporter-output>
          </reporter-output>
        </test-method> <!-- closed -->
      </class> <!-- TextValidation.TextValidate -->
    </test> <!-- Test -->
  </suite> <!-- Suite -->
</testng-results>
